<?xml version="1.0" encoding="UTF-8"?>
<testsuite name="Login Test"
           tests="5"
           failures="0"
           errors="0"
           skipped="5"
           time="0.016">
  <properties />
  
            <testcase name="QuitDriver" time="0.0" classname="com.e2e.testcases.LoginTest">
          <skipped />
    </testcase>
            <testcase name="isSkip" time="0.0" classname="com.e2e.testcases.LoginTest">
          <skipped />
    </testcase>
            <testcase name="closebrowser" time="0.0" classname="com.e2e.testcases.LoginTest">
          <skipped />
    </testcase>
            <testcase name="logintest" time="0.0" classname="com.e2e.testcases.LoginTest">
          <skipped />
    </testcase>
            <testcase name="logintest" time="0.0" classname="com.e2e.testcases.LoginTest">
          <skipped />
    </testcase>
  
  
</testsuite>
