<?xml version="1.0" encoding="UTF-8"?>
<!-- Generated by org.testng.reporters.JUnitXMLReporter -->
<testsuite hostname="CHDSEZ143238L" ignored="0" name="Login Test" tests="2" failures="0" timestamp="19 Jul 2017 20:44:42 GMT" time="0.066" errors="0">
  <testcase name="@BeforeTest isSkip" time="0.015" classname="com.e2e.testcases.LoginTest">
    <skipped/>
  </testcase> <!-- @BeforeTest isSkip -->
  <testcase name="@AfterTest closebrowser" time="0.0" classname="com.e2e.testcases.LoginTest">
    <skipped/>
  </testcase> <!-- @AfterTest closebrowser -->
  <testcase name="logintest" time="0.0" classname="com.e2e.testcases.LoginTest">
    <skipped/>
  </testcase> <!-- logintest -->
  <testcase name="logintest" time="0.001" classname="com.e2e.testcases.LoginTest">
    <skipped/>
  </testcase> <!-- logintest -->
</testsuite> <!-- Login Test -->
